TN:
SF:src\lib\authErrorMessages.ts
FN:8,(anonymous_0)
FNF:1
FNH:1
FNDA:14,(anonymous_0)
DA:8,1
DA:9,14
DA:10,14
DA:12,14
DA:17,4
DA:20,10
DA:27,5
DA:30,5
LF:8
LH:8
BRDA:9,0,0,14
BRDA:9,0,1,12
BRDA:10,1,0,14
BRDA:10,1,1,3
BRDA:12,2,0,4
BRDA:12,2,1,10
BRDA:13,3,0,14
BRDA:13,3,1,12
BRDA:13,3,2,11
BRDA:20,4,0,5
BRDA:20,4,1,5
BRDA:21,5,0,10
BRDA:21,5,1,9
BRDA:21,5,2,8
BRDA:21,5,3,7
BRDA:21,5,4,6
BRDA:30,6,0,5
BRDA:30,6,1,4
BRF:18
BRH:18
end_of_record
TN:
SF:src\lib\supabase-helpers.ts
FN:12,handleError
FN:33,withToast
FN:46,withErrorToast
FNF:3
FNH:3
FNDA:10,handleError
FNDA:3,withToast
FNDA:3,withErrorToast
DA:4,1
DA:16,10
DA:17,4
DA:20,4
DA:37,3
DA:38,3
DA:39,2
DA:40,2
DA:50,3
DA:51,3
DA:52,2
LF:11
LH:11
BRDA:16,0,0,6
BRDA:16,0,1,4
BRDA:38,1,0,1
BRDA:38,1,1,2
BRDA:51,2,0,1
BRDA:51,2,1,2
BRF:6
BRH:6
end_of_record
TN:
SF:src\lib\utils.ts
FN:4,cn
FNF:1
FNH:1
FNDA:15,cn
DA:5,15
LF:1
LH:1
BRF:0
BRH:0
end_of_record
